Using pre-set license
Built from '2021.1/staging' branch; Version is '2021.1.6f1 (c0fade0cc7e9) revision 12647134'; Using compiler version '192528614'; Build Type 'Release'
OS: 'Windows 10 Enterprise; OS build 19042.985; Version 2009; 64bit' Language: 'da' Physical Memory: 16233 MB
BatchMode: 1, IsHumanControllingUs: 0, StartBugReporterOnCrash: 0, Is64bit: 1, IsPro: 0

 COMMAND LINE ARGUMENTS:
C:\Program Files\Unity\Hub\Editor\2021.1.6f1\Editor\Unity.exe
-adb2
-batchMode
-noUpm
-name
AssetImportWorker0
-projectPath
C:/Users/chri17g5/Desktop/BetterSoloLearn/BetterSoloLearn
-logFile
Logs/AssetImportWorker0.log
-srvPort
59606
Successfully changed project path to: C:/Users/chri17g5/Desktop/BetterSoloLearn/BetterSoloLearn
C:/Users/chri17g5/Desktop/BetterSoloLearn/BetterSoloLearn
Using Asset Import Pipeline V2.
Refreshing native plugins compatible for Editor in 128.52 ms, found 2 plugins.
Preloading 0 native plugins for Editor in 0.00 ms.
Initialize engine version: 2021.1.6f1 (c0fade0cc7e9)
[Subsystems] Discovering subsystems at path C:/Program Files/Unity/Hub/Editor/2021.1.6f1/Editor/Data/Resources/UnitySubsystems
[Subsystems] Discovering subsystems at path C:/Users/chri17g5/Desktop/BetterSoloLearn/BetterSoloLearn/Assets
GfxDevice: creating device client; threaded=0; jobified=0
Direct3D:
    Version:  Direct3D 11.0 [level 11.1]
    Renderer: NVIDIA GeForce GTX 1050 (ID=0x1c8d)
    Vendor:   NVIDIA
    VRAM:     4021 MB
    Driver:   27.21.14.5241
Initialize mono
Mono path[0] = 'C:/Program Files/Unity/Hub/Editor/2021.1.6f1/Editor/Data/Managed'
Mono path[1] = 'C:/Program Files/Unity/Hub/Editor/2021.1.6f1/Editor/Data/MonoBleedingEdge/lib/mono/unityjit'
Mono config path = 'C:/Program Files/Unity/Hub/Editor/2021.1.6f1/Editor/Data/MonoBleedingEdge/etc'
Using monoOptions --debugger-agent=transport=dt_socket,embedding=1,server=y,suspend=n,address=127.0.0.1:56656
Begin MonoManager ReloadAssembly
Registering precompiled unity dll's ...
Register platform support module: C:/Program Files/Unity/Hub/Editor/2021.1.6f1/Editor/Data/PlaybackEngines/WindowsStandaloneSupport/UnityEditor.WindowsStandalone.Extensions.dll
Registered in 0.003853 seconds.
Native extension for WindowsStandalone target not found
Refreshing native plugins compatible for Editor in 133.33 ms, found 2 plugins.
Preloading 0 native plugins for Editor in 0.00 ms.
Mono: successfully reloaded assembly
- Completed reload, in  3.177 seconds
Platform modules already initialized, skipping
Registering precompiled user dll's ...
Registered in 0.010605 seconds.
Begin MonoManager ReloadAssembly
Native extension for WindowsStandalone target not found
Refreshing native plugins compatible for Editor in 157.22 ms, found 2 plugins.
Preloading 0 native plugins for Editor in 0.00 ms.
Mono: successfully reloaded assembly
- Completed reload, in  2.187 seconds
Platform modules already initialized, skipping
========================================================================
Worker process is ready to serve import requests
Launched and connected shader compiler UnityShaderCompiler.exe after 0.07 seconds
Refreshing native plugins compatible for Editor in 2.70 ms, found 2 plugins.
Preloading 0 native plugins for Editor in 0.00 ms.
Unloading 3421 Unused Serialized files (Serialized files now loaded: 0)
System memory in use before: 131.3 MB.
System memory in use after: 131.4 MB.

Unloading 29 unused Assets to reduce memory usage. Loaded Objects now: 3875.
Total: 16.390800 ms (FindLiveObjects: 1.105800 ms CreateObjectMapping: 2.111200 ms MarkObjects: 12.863100 ms  DeleteObjects: 0.308600 ms)

========================================================================
Received Import Request.
  path: Assets/Scripts/Login interaction.cs
  artifactKey: Guid(444b8269d9f18ad4a8935b2237c2d406) Importer(815301076,1909f56bfc062723c751e8b465ee728b)
Start importing Assets/Scripts/Login interaction.cs using Guid(444b8269d9f18ad4a8935b2237c2d406) Importer(815301076,1909f56bfc062723c751e8b465ee728b)  -> (artifact id: '2bb8819efb4e1f32278e3c4a2cb64cf1') in 0.073790 seconds 
========================================================================
Received Prepare
Registering precompiled user dll's ...
Registered in 0.004182 seconds.
Begin MonoManager ReloadAssembly
Native extension for WindowsStandalone target not found
Refreshing native plugins compatible for Editor in 0.72 ms, found 2 plugins.
Preloading 0 native plugins for Editor in 0.00 ms.
Mono: successfully reloaded assembly
- Completed reload, in  2.204 seconds
Platform modules already initialized, skipping
Refreshing native plugins compatible for Editor in 0.74 ms, found 2 plugins.
Preloading 0 native plugins for Editor in 0.00 ms.
Unloading 3403 Unused Serialized files (Serialized files now loaded: 0)
System memory in use before: 130.0 MB.
System memory in use after: 130.1 MB.

Unloading 17 unused Assets to reduce memory usage. Loaded Objects now: 3879.
Total: 3.287900 ms (FindLiveObjects: 0.287000 ms CreateObjectMapping: 0.198500 ms MarkObjects: 2.641500 ms  DeleteObjects: 0.159300 ms)

========================================================================
Received Import Request.
  Time since last request: 487.834431 seconds.
  path: Assets/Scripts/Login interaction.cs
  artifactKey: Guid(444b8269d9f18ad4a8935b2237c2d406) Importer(815301076,1909f56bfc062723c751e8b465ee728b)
Start importing Assets/Scripts/Login interaction.cs using Guid(444b8269d9f18ad4a8935b2237c2d406) Importer(815301076,1909f56bfc062723c751e8b465ee728b)  -> (artifact id: 'b1b318f2eca16a8aba8dfe974aa3293f') in 0.022427 seconds 
========================================================================
Received Import Request.
  Time since last request: 8.489135 seconds.
  path: Assets/Scripts/LoginInteraction.cs
  artifactKey: Guid(444b8269d9f18ad4a8935b2237c2d406) Importer(815301076,1909f56bfc062723c751e8b465ee728b)
Start importing Assets/Scripts/LoginInteraction.cs using Guid(444b8269d9f18ad4a8935b2237c2d406) Importer(815301076,1909f56bfc062723c751e8b465ee728b)  -> (artifact id: 'bab569918686b01620d20b0aead9f8b0') in 0.072768 seconds 
========================================================================
Received Prepare
Registering precompiled user dll's ...
Registered in 0.004070 seconds.
Begin MonoManager ReloadAssembly
Native extension for WindowsStandalone target not found
Refreshing native plugins compatible for Editor in 0.77 ms, found 2 plugins.
Preloading 0 native plugins for Editor in 0.00 ms.
Mono: successfully reloaded assembly
- Completed reload, in  1.549 seconds
Platform modules already initialized, skipping
Refreshing native plugins compatible for Editor in 0.72 ms, found 2 plugins.
Preloading 0 native plugins for Editor in 0.00 ms.
Unloading 3403 Unused Serialized files (Serialized files now loaded: 0)
System memory in use before: 130.1 MB.
System memory in use after: 130.2 MB.

Unloading 17 unused Assets to reduce memory usage. Loaded Objects now: 3883.
Total: 4.125200 ms (FindLiveObjects: 0.753600 ms CreateObjectMapping: 0.547500 ms MarkObjects: 2.692300 ms  DeleteObjects: 0.130000 ms)

========================================================================
Received Import Request.
  Time since last request: 342.174014 seconds.
  path: Assets/Scripts/LoginInteraction.cs
  artifactKey: Guid(444b8269d9f18ad4a8935b2237c2d406) Importer(815301076,1909f56bfc062723c751e8b465ee728b)
Start importing Assets/Scripts/LoginInteraction.cs using Guid(444b8269d9f18ad4a8935b2237c2d406) Importer(815301076,1909f56bfc062723c751e8b465ee728b)  -> (artifact id: '6c0e5c5db26a4774d73724dcbe012294') in 0.014543 seconds 
========================================================================
Received Prepare
Registering precompiled user dll's ...
Registered in 0.006328 seconds.
Begin MonoManager ReloadAssembly
Native extension for WindowsStandalone target not found
Refreshing native plugins compatible for Editor in 0.75 ms, found 2 plugins.
Preloading 0 native plugins for Editor in 0.00 ms.
Mono: successfully reloaded assembly
- Completed reload, in  1.469 seconds
Platform modules already initialized, skipping
Refreshing native plugins compatible for Editor in 0.95 ms, found 2 plugins.
Preloading 0 native plugins for Editor in 0.00 ms.
Unloading 3403 Unused Serialized files (Serialized files now loaded: 0)
System memory in use before: 130.1 MB.
System memory in use after: 130.2 MB.

Unloading 17 unused Assets to reduce memory usage. Loaded Objects now: 3887.
Total: 3.094200 ms (FindLiveObjects: 0.287300 ms CreateObjectMapping: 0.189700 ms MarkObjects: 2.513700 ms  DeleteObjects: 0.102400 ms)

========================================================================
Received Import Request.
  Time since last request: 269.782815 seconds.
  path: Assets/Scripts/LoginInteraction.cs
  artifactKey: Guid(444b8269d9f18ad4a8935b2237c2d406) Importer(815301076,1909f56bfc062723c751e8b465ee728b)
Start importing Assets/Scripts/LoginInteraction.cs using Guid(444b8269d9f18ad4a8935b2237c2d406) Importer(815301076,1909f56bfc062723c751e8b465ee728b)  -> (artifact id: 'f21982097d922ebff03983623506b184') in 0.015823 seconds 
========================================================================
Received Prepare
Registering precompiled user dll's ...
Registered in 0.004686 seconds.
Begin MonoManager ReloadAssembly
Native extension for WindowsStandalone target not found
Refreshing native plugins compatible for Editor in 1.15 ms, found 2 plugins.
Preloading 0 native plugins for Editor in 0.00 ms.
Mono: successfully reloaded assembly
- Completed reload, in  1.387 seconds
Platform modules already initialized, skipping
Refreshing native plugins compatible for Editor in 0.84 ms, found 2 plugins.
Preloading 0 native plugins for Editor in 0.00 ms.
Unloading 3403 Unused Serialized files (Serialized files now loaded: 0)
System memory in use before: 130.1 MB.
System memory in use after: 130.2 MB.

Unloading 17 unused Assets to reduce memory usage. Loaded Objects now: 3891.
Total: 3.132900 ms (FindLiveObjects: 0.288400 ms CreateObjectMapping: 0.191900 ms MarkObjects: 2.510500 ms  DeleteObjects: 0.140900 ms)

========================================================================
Received Import Request.
  Time since last request: 15.165050 seconds.
  path: Assets/Scripts/LoginInteraction.cs
  artifactKey: Guid(444b8269d9f18ad4a8935b2237c2d406) Importer(815301076,1909f56bfc062723c751e8b465ee728b)
Start importing Assets/Scripts/LoginInteraction.cs using Guid(444b8269d9f18ad4a8935b2237c2d406) Importer(815301076,1909f56bfc062723c751e8b465ee728b)  -> (artifact id: '2f678c65ce04fb07f2f732b2c4a272b1') in 0.008306 seconds 
========================================================================
Received Prepare
Registering precompiled user dll's ...
Registered in 0.005209 seconds.
Begin MonoManager ReloadAssembly
Native extension for WindowsStandalone target not found
Refreshing native plugins compatible for Editor in 0.74 ms, found 2 plugins.
Preloading 0 native plugins for Editor in 0.00 ms.
Mono: successfully reloaded assembly
- Completed reload, in  1.337 seconds
Platform modules already initialized, skipping
Refreshing native plugins compatible for Editor in 0.68 ms, found 2 plugins.
Preloading 0 native plugins for Editor in 0.00 ms.
Unloading 3403 Unused Serialized files (Serialized files now loaded: 0)
System memory in use before: 130.2 MB.
System memory in use after: 130.3 MB.

Unloading 17 unused Assets to reduce memory usage. Loaded Objects now: 3895.
Total: 3.630500 ms (FindLiveObjects: 0.327300 ms CreateObjectMapping: 0.235800 ms MarkObjects: 2.942900 ms  DeleteObjects: 0.122500 ms)

========================================================================
Received Prepare
Registering precompiled user dll's ...
Registered in 0.005921 seconds.
Begin MonoManager ReloadAssembly
Native extension for WindowsStandalone target not found
Refreshing native plugins compatible for Editor in 0.77 ms, found 2 plugins.
Preloading 0 native plugins for Editor in 0.00 ms.
Mono: successfully reloaded assembly
- Completed reload, in  1.526 seconds
Platform modules already initialized, skipping
Refreshing native plugins compatible for Editor in 1.44 ms, found 2 plugins.
Preloading 0 native plugins for Editor in 0.00 ms.
Unloading 3403 Unused Serialized files (Serialized files now loaded: 0)
System memory in use before: 130.2 MB.
System memory in use after: 130.3 MB.

Unloading 17 unused Assets to reduce memory usage. Loaded Objects now: 3899.
Total: 3.264800 ms (FindLiveObjects: 0.296400 ms CreateObjectMapping: 0.165200 ms MarkObjects: 2.654700 ms  DeleteObjects: 0.147000 ms)

